0 info it worked if it ends with ok
1 verbose cli [ '/usr/local/bin/node', '/usr/local/bin/npm', 'install', 'npm' ]
2 info using npm@2.1.2
3 info using node@v0.10.32
4 silly cache add args [ 'npm', null ]
5 verbose cache add spec npm
6 silly cache add parsed spec { raw: 'npm',
6 silly cache add   scope: null,
6 silly cache add   name: 'npm',
6 silly cache add   rawSpec: '',
6 silly cache add   spec: '*',
6 silly cache add   type: 'range' }
7 silly addNonLocal parsed spec { raw: 'npm',
7 silly addNonLocal   scope: null,
7 silly addNonLocal   name: 'npm',
7 silly addNonLocal   rawSpec: '',
7 silly addNonLocal   spec: '*',
7 silly addNonLocal   type: 'range' }
8 verbose addNamed npm@*
9 silly addNamed semver.valid null
10 silly addNamed semver.validRange *
11 silly addNameRange { name: 'npm', range: '*', hasData: false }
12 verbose mapToRegistry name npm
13 verbose mapToRegistry uri https://registry.npmjs.org/npm
14 verbose request on initialization, where is /npm
15 verbose request after pass 1, where is /npm
16 verbose request url raw /npm
17 verbose request resolving registry [ 'https://registry.npmjs.org/', './npm' ]
18 verbose request after pass 2, where is https://registry.npmjs.org/npm
19 verbose request no auth needed
20 info attempt registry request try #1 at 16:34:03
21 verbose request id cef4baf75545cd21
22 verbose etag "3XY83WZVYDKT4SPLNHNUWWNLM"
23 http request GET https://registry.npmjs.org/npm
24 http 304 https://registry.npmjs.org/npm
25 silly registry.get cb [ 304,
25 silly registry.get   { date: 'Fri, 31 Oct 2014 03:34:04 GMT',
25 silly registry.get     server: 'Apache',
25 silly registry.get     via: '1.1 varnish',
25 silly registry.get     'last-modified': 'Fri, 31 Oct 2014 00:35:09 GMT',
25 silly registry.get     'cache-control': 'max-age=60',
25 silly registry.get     etag: '"3XY83WZVYDKT4SPLNHNUWWNLM"',
25 silly registry.get     age: '0',
25 silly registry.get     'x-served-by': 'cache-ak47-NZ',
25 silly registry.get     'x-cache': 'HIT',
25 silly registry.get     'x-cache-hits': '2',
25 silly registry.get     'x-timer': 'S1414726444.168785,VS0,VE782',
25 silly registry.get     vary: 'Accept',
25 silly registry.get     'content-length': '0',
25 silly registry.get     'keep-alive': 'timeout=10, max=50',
25 silly registry.get     connection: 'Keep-Alive' } ]
26 verbose etag https://registry.npmjs.org/npm from cache
27 silly addNameRange number 2 { name: 'npm', range: '*', hasData: true }
28 silly addNameRange versions [ 'npm',
28 silly addNameRange   [ '1.1.25',
28 silly addNameRange     '1.2.32',
28 silly addNameRange     '1.3.2',
28 silly addNameRange     '1.3.4',
28 silly addNameRange     '1.2.20',
28 silly addNameRange     '1.2.21',
28 silly addNameRange     '1.2.22',
28 silly addNameRange     '1.2.23',
28 silly addNameRange     '1.2.24',
28 silly addNameRange     '1.2.25',
28 silly addNameRange     '1.2.27',
28 silly addNameRange     '1.2.28',
28 silly addNameRange     '1.2.30',
28 silly addNameRange     '1.2.31',
28 silly addNameRange     '1.3.0',
28 silly addNameRange     '1.3.1',
28 silly addNameRange     '1.2.19',
28 silly addNameRange     '1.1.70',
28 silly addNameRange     '1.1.71',
28 silly addNameRange     '1.3.5',
28 silly addNameRange     '1.3.6',
28 silly addNameRange     '1.3.7',
28 silly addNameRange     '1.3.8',
28 silly addNameRange     '1.3.9',
28 silly addNameRange     '1.3.10',
28 silly addNameRange     '1.3.11',
28 silly addNameRange     '1.3.12',
28 silly addNameRange     '1.3.13',
28 silly addNameRange     '1.3.14',
28 silly addNameRange     '1.3.15',
28 silly addNameRange     '1.3.16',
28 silly addNameRange     '1.3.17',
28 silly addNameRange     '1.3.18',
28 silly addNameRange     '1.3.20',
28 silly addNameRange     '1.3.21',
28 silly addNameRange     '1.3.22',
28 silly addNameRange     '1.3.23',
28 silly addNameRange     '1.3.24',
28 silly addNameRange     '1.3.25',
28 silly addNameRange     '1.3.26',
28 silly addNameRange     '1.4.0',
28 silly addNameRange     '1.4.1',
28 silly addNameRange     '1.4.2',
28 silly addNameRange     '1.4.3',
28 silly addNameRange     '1.4.4',
28 silly addNameRange     '1.4.5',
28 silly addNameRange     '1.4.6',
28 silly addNameRange     '1.4.7',
28 silly addNameRange     '1.4.8',
28 silly addNameRange     '1.4.9',
28 silly addNameRange     '1.4.10',
28 silly addNameRange     '1.4.11',
28 silly addNameRange     '1.4.12',
28 silly addNameRange     '1.4.13',
28 silly addNameRange     '1.4.14',
28 silly addNameRange     '1.4.15',
28 silly addNameRange     '1.4.16',
28 silly addNameRange     '1.2.8000',
28 silly addNameRange     '1.4.17',
28 silly addNameRange     '1.4.18',
28 silly addNameRange     '1.4.19',
28 silly addNameRange     '1.5.0-alpha-0',
28 silly addNameRange     '1.5.0-alpha-1',
28 silly addNameRange     '1.4.20',
28 silly addNameRange     '1.5.0-alpha-2',
28 silly addNameRange     '1.4.21',
28 silly addNameRange     '1.5.0-alpha-3',
28 silly addNameRange     '1.5.0-alpha-4',
28 silly addNameRange     '2.0.0-alpha-5',
28 silly addNameRange     '1.4.22',
28 silly addNameRange     '1.4.23',
28 silly addNameRange     '2.0.0-alpha.6.0',
28 silly addNameRange     '1.4.24',
28 silly addNameRange     '2.0.0-alpha.6',
28 silly addNameRange     '2.0.0-alpha.7',
28 silly addNameRange     '2.0.0-beta.0',
28 silly addNameRange     '1.4.25',
28 silly addNameRange     '2.0.0-beta.1',
28 silly addNameRange     '1.4.26',
28 silly addNameRange     '2.0.0-beta.2',
28 silly addNameRange     '1.4.27',
28 silly addNameRange     '2.0.0-beta.3',
28 silly addNameRange     '1.4.28',
28 silly addNameRange     '2.0.0',
28 silly addNameRange     '2.0.1',
28 silly addNameRange     '2.0.2',
28 silly addNameRange     '2.1.0',
28 silly addNameRange     '2.1.1',
28 silly addNameRange     '2.1.2',
28 silly addNameRange     '2.1.3',
28 silly addNameRange     '2.1.4',
28 silly addNameRange     '2.1.5',
28 silly addNameRange     '2.1.6' ] ]
29 verbose addNamed npm@2.1.5
30 silly addNamed semver.valid 2.1.5
31 silly addNamed semver.validRange 2.1.5
32 verbose addRemoteTarball [ 'https://registry.npmjs.org/npm/-/npm-2.1.5.tgz',
32 verbose addRemoteTarball   'ce343163a56f1ff14ffa295c140d99833b9764cb' ]
33 info retry fetch attempt 1 at 16:34:04
34 info attempt registry request try #1 at 16:34:04
35 http fetch GET https://registry.npmjs.org/npm/-/npm-2.1.5.tgz
36 http fetch 200 https://registry.npmjs.org/npm/-/npm-2.1.5.tgz
37 silly fetchAndShaCheck shasum ce343163a56f1ff14ffa295c140d99833b9764cb
38 verbose addTmpTarball already have metadata; skipping unpack
39 silly install resolved [ { version: '2.1.5',
39 silly install resolved     name: 'npm',
39 silly install resolved     description: 'A package manager for node',
39 silly install resolved     keywords: [ 'package manager', 'modules', 'install', 'package.json' ],
39 silly install resolved     preferGlobal: true,
39 silly install resolved     config: { publishtest: false },
39 silly install resolved     homepage: 'https://npmjs.org/doc/',
39 silly install resolved     author:
39 silly install resolved      { name: 'Isaac Z. Schlueter',
39 silly install resolved        email: 'i@izs.me',
39 silly install resolved        url: 'http://blog.izs.me' },
39 silly install resolved     repository: { type: 'git', url: 'https://github.com/npm/npm' },
39 silly install resolved     bugs:
39 silly install resolved      { url: 'http://github.com/npm/npm/issues',
39 silly install resolved        email: 'npm-@googlegroups.com' },
39 silly install resolved     directories: { doc: './doc', man: './man', lib: './lib', bin: './bin' },
39 silly install resolved     main: './lib/npm.js',
39 silly install resolved     bin: { npm: './bin/npm-cli.js' },
39 silly install resolved     dependencies:
39 silly install resolved      { abbrev: '~1.0.5',
39 silly install resolved        ansi: '~0.3.0',
39 silly install resolved        ansicolors: '~0.3.2',
39 silly install resolved        ansistyles: '~0.1.3',
39 silly install resolved        archy: '~1.0.0',
39 silly install resolved        'async-some': '~1.0.1',
39 silly install resolved        'block-stream': '0.0.7',
39 silly install resolved        'char-spinner': '~1.0.1',
39 silly install resolved        'child-process-close': '~0.1.1',
39 silly install resolved        chmodr: '~0.1.0',
39 silly install resolved        chownr: '0',
39 silly install resolved        'cmd-shim': '~2.0.1',
39 silly install resolved        columnify: '~1.2.1',
39 silly install resolved        'config-chain': '~1.1.8',
39 silly install resolved        dezalgo: '~1.0.1',
39 silly install resolved        editor: '~0.1.0',
39 silly install resolved        'fs-vacuum': '~1.2.1',
39 silly install resolved        'fs-write-stream-atomic': '~1.0.2',
39 silly install resolved        fstream: '~1.0.2',
39 silly install resolved        'fstream-npm': '~1.0.0',
39 silly install resolved        'github-url-from-git': '~1.4.0',
39 silly install resolved        'github-url-from-username-repo': '~1.0.2',
39 silly install resolved        glob: '~4.0.6',
39 silly install resolved        'graceful-fs': '~3.0.4',
39 silly install resolved        inflight: '~1.0.4',
39 silly install resolved        inherits: '~2.0.1',
39 silly install resolved        ini: '~1.3.0',
39 silly install resolved        'init-package-json': '~1.1.0',
39 silly install resolved        lockfile: '~1.0.0',
39 silly install resolved        'lru-cache': '~2.5.0',
39 silly install resolved        minimatch: '~1.0.0',
39 silly install resolved        mkdirp: '~0.5.0',
39 silly install resolved        'node-gyp': '~1.0.1',
39 silly install resolved        nopt: '~3.0.1',
39 silly install resolved        'normalize-package-data': '~1.0.3',
39 silly install resolved        'npm-cache-filename': '~1.0.1',
39 silly install resolved        'npm-install-checks': '~1.0.2',
39 silly install resolved        'npm-package-arg': '~2.1.3',
39 silly install resolved        'npm-registry-client': '~3.2.4',
39 silly install resolved        'npm-user-validate': '~0.1.1',
39 silly install resolved        npmlog: '~0.1.1',
39 silly install resolved        once: '~1.3.1',
39 silly install resolved        opener: '~1.4.0',
39 silly install resolved        osenv: '~0.1.0',
39 silly install resolved        'path-is-inside': '~1.0.0',
39 silly install resolved        read: '~1.0.4',
39 silly install resolved        'read-installed': '~3.1.2',
39 silly install resolved        'read-package-json': '~1.2.7',
39 silly install resolved        'readable-stream': '~1.0.32',
39 silly install resolved        'realize-package-specifier': '~1.2.0',
39 silly install resolved        request: '~2.45.0',
39 silly install resolved        retry: '~0.6.1',
39 silly install resolved        rimraf: '~2.2.8',
39 silly install resolved        semver: '~4.1.0',
39 silly install resolved        sha: '~1.3.0',
39 silly install resolved        slide: '~1.1.6',
39 silly install resolved        'sorted-object': '~1.0.0',
39 silly install resolved        tar: '~1.0.1',
39 silly install resolved        'text-table': '~0.2.0',
39 silly install resolved        'uid-number': '0.0.5',
39 silly install resolved        which: '1',
39 silly install resolved        wrappy: '~1.0.1',
39 silly install resolved        'write-file-atomic': '~1.1.0' },
39 silly install resolved     bundleDependencies:
39 silly install resolved      [ 'abbrev',
39 silly install resolved        'ansi',
39 silly install resolved        'ansicolors',
39 silly install resolved        'ansistyles',
39 silly install resolved        'archy',
39 silly install resolved        'async-some',
39 silly install resolved        'block-stream',
39 silly install resolved        'char-spinner',
39 silly install resolved        'child-process-close',
39 silly install resolved        'chmodr',
39 silly install resolved        'chownr',
39 silly install resolved        'cmd-shim',
39 silly install resolved        'columnify',
39 silly install resolved        'config-chain',
39 silly install resolved        'dezalgo',
39 silly install resolved        'editor',
39 silly install resolved        'fs-vacuum',
39 silly install resolved        'fs-write-stream-atomic',
39 silly install resolved        'fstream',
39 silly install resolved        'fstream-npm',
39 silly install resolved        'github-url-from-git',
39 silly install resolved        'github-url-from-username-repo',
39 silly install resolved        'glob',
39 silly install resolved        'graceful-fs',
39 silly install resolved        'inflight',
39 silly install resolved        'inherits',
39 silly install resolved        'ini',
39 silly install resolved        'init-package-json',
39 silly install resolved        'lockfile',
39 silly install resolved        'lru-cache',
39 silly install resolved        'minimatch',
39 silly install resolved        'mkdirp',
39 silly install resolved        'node-gyp',
39 silly install resolved        'nopt',
39 silly install resolved        'normalize-package-data',
39 silly install resolved        'npm-cache-filename',
39 silly install resolved        'npm-install-checks',
39 silly install resolved        'npm-package-arg',
39 silly install resolved        'npm-registry-client',
39 silly install resolved        'npm-user-validate',
39 silly install resolved        'npmlog',
39 silly install resolved        'once',
39 silly install resolved        'opener',
39 silly install resolved        'osenv',
39 silly install resolved        'path-is-inside',
39 silly install resolved        'read',
39 silly install resolved        'read-installed',
39 silly install resolved        'read-package-json',
39 silly install resolved        'readable-stream',
39 silly install resolved        'realize-package-specifier',
39 silly install resolved        'request',
39 silly install resolved        'retry',
39 silly install resolved        'rimraf',
39 silly install resolved        'semver',
39 silly install resolved        'sha',
39 silly install resolved        'slide',
39 silly install resolved        'sorted-object',
39 silly install resolved        'tar',
39 silly install resolved        'text-table',
39 silly install resolved        'uid-number',
39 silly install resolved        'which',
39 silly install resolved        'wrappy',
39 silly install resolved        'write-file-atomic' ],
39 silly install resolved     devDependencies:
39 silly install resolved      { marked: '~0.3.2',
39 silly install resolved        'marked-man': '~0.1.4',
39 silly install resolved        nock: '~0.48.1',
39 silly install resolved        'npm-registry-couchapp': '~2.6.2',
39 silly install resolved        'npm-registry-mock': '~0.6.3',
39 silly install resolved        'require-inject': '~1.1.0',
39 silly install resolved        tap: '~0.4.12' },
39 silly install resolved     scripts:
39 silly install resolved      { 'test-legacy': 'node ./test/run.js',
39 silly install resolved        test: 'tap --timeout 120 test/tap/*.js',
39 silly install resolved        tap: 'tap --timeout 120 test/tap/*.js',
39 silly install resolved        'test-all': 'node ./test/run.js && tap test/tap/*.js',
39 silly install resolved        prepublish: 'node bin/npm-cli.js prune --prefix=. --no-global && rm -rf test/*/*/node_modules && make -j8 doc',
39 silly install resolved        dumpconf: 'env | grep npm | sort | uniq' },
39 silly install resolved     license: 'Artistic-2.0',
39 silly install resolved     man:
39 silly install resolved      [ '/Users/ogd/Documents/projects/npm/npm/man/man1/npm-README.1',
39 silly install resolved        '/Users/ogd/Documents/projects/npm/npm/man/man1/npm-adduser.1',
39 silly install resolved        '/Users/ogd/Documents/projects/npm/npm/man/man1/npm-bin.1',
39 silly install resolved        '/Users/ogd/Documents/projects/npm/npm/man/man1/npm-bugs.1',
39 silly install resolved        '/Users/ogd/Documents/projects/npm/npm/man/man1/npm-build.1',
39 silly install resolved        '/Users/ogd/Documents/projects/npm/npm/man/man1/npm-bundle.1',
39 silly install resolved        '/Users/ogd/Documents/projects/npm/npm/man/man1/npm-cache.1',
39 silly install resolved        '/Users/ogd/Documents/projects/npm/npm/man/man1/npm-completion.1',
39 silly install resolved        '/Users/ogd/Documents/projects/npm/npm/man/man1/npm-config.1',
39 silly install resolved        '/Users/ogd/Documents/projects/npm/npm/man/man1/npm-dedupe.1',
39 silly install resolved        '/Users/ogd/Documents/projects/npm/npm/man/man1/npm-deprecate.1',
39 silly install resolved        '/Users/ogd/Documents/projects/npm/npm/man/man1/npm-docs.1',
39 silly install resolved        '/Users/ogd/Documents/projects/npm/npm/man/man1/npm-edit.1',
39 silly install resolved        '/Users/ogd/Documents/projects/npm/npm/man/man1/npm-explore.1',
39 silly install resolved        '/Users/ogd/Documents/projects/npm/npm/man/man1/npm-help-search.1',
39 silly install resolved        '/Users/ogd/Documents/projects/npm/npm/man/man1/npm-help.1',
39 silly install resolved        '/Users/ogd/Documents/projects/npm/npm/man/man1/npm-init.1',
39 silly install resolved        '/Users/ogd/Documents/projects/npm/npm/man/man1/npm-install.1',
39 silly install resolved        '/Users/ogd/Documents/projects/npm/npm/man/man1/npm-link.1',
39 silly install resolved        '/Users/ogd/Documents/projects/npm/npm/man/man1/npm-ls.1',
39 silly install resolved        '/Users/ogd/Documents/projects/npm/npm/man/man1/npm-outdated.1',
39 silly install resolved        '/Users/ogd/Documents/projects/npm/npm/man/man1/npm-owner.1',
39 silly install resolved        '/Users/ogd/Documents/projects/npm/npm/man/man1/npm-pack.1',
39 silly install resolved        '/Users/ogd/Documents/projects/npm/npm/man/man1/npm-prefix.1',
39 silly install resolved        '/Users/ogd/Documents/projects/npm/npm/man/man1/npm-prune.1',
39 silly install resolved        '/Users/ogd/Documents/projects/npm/npm/man/man1/npm-publish.1',
39 silly install resolved        '/Users/ogd/Documents/projects/npm/npm/man/man1/npm-rebuild.1',
39 silly install resolved        '/Users/ogd/Documents/projects/npm/npm/man/man1/npm-repo.1',
39 silly install resolved        '/Users/ogd/Documents/projects/npm/npm/man/man1/npm-restart.1',
39 silly install resolved        '/Users/ogd/Documents/projects/npm/npm/man/man1/npm-rm.1',
39 silly install resolved        '/Users/ogd/Documents/projects/npm/npm/man/man1/npm-root.1',
39 silly install resolved        '/Users/ogd/Documents/projects/npm/npm/man/man1/npm-run-script.1',
39 silly install resolved        '/Users/ogd/Documents/projects/npm/npm/man/man1/npm-search.1',
39 silly install resolved        '/Users/ogd/Documents/projects/npm/npm/man/man1/npm-shrinkwrap.1',
39 silly install resolved        '/Users/ogd/Documents/projects/npm/npm/man/man1/npm-star.1',
39 silly install resolved        '/Users/ogd/Documents/projects/npm/npm/man/man1/npm-stars.1',
39 silly install resolved        '/Users/ogd/Documents/projects/npm/npm/man/man1/npm-start.1',
39 silly install resolved        '/Users/ogd/Documents/projects/npm/npm/man/man1/npm-stop.1',
39 silly install resolved        '/Users/ogd/Documents/projects/npm/npm/man/man1/npm-submodule.1',
39 silly install resolved        '/Users/ogd/Documents/projects/npm/npm/man/man1/npm-tag.1',
39 silly install resolved        '/Users/ogd/Documents/projects/npm/npm/man/man1/npm-test.1',
39 silly install resolved        '/Users/ogd/Documents/projects/npm/npm/man/man1/npm-uninstall.1',
39 silly install resolved        '/Users/ogd/Documents/projects/npm/npm/man/man1/npm-unpublish.1',
39 silly install resolved        '/Users/ogd/Documents/projects/npm/npm/man/man1/npm-update.1',
39 silly install resolved        '/Users/ogd/Documents/projects/npm/npm/man/man1/npm-version.1',
39 silly install resolved        '/Users/ogd/Documents/projects/npm/npm/man/man1/npm-view.1',
39 silly install resolved        '/Users/ogd/Documents/projects/npm/npm/man/man1/npm-whoami.1',
39 silly install resolved        '/Users/ogd/Documents/projects/npm/npm/man/man1/npm.1',
39 silly install resolved        '/Users/ogd/Documents/projects/npm/npm/man/man3/npm-bin.3',
39 silly install resolved        '/Users/ogd/Documents/projects/npm/npm/man/man3/npm-bugs.3',
39 silly install resolved        '/Users/ogd/Documents/projects/npm/npm/man/man3/npm-cache.3',
39 silly install resolved        '/Users/ogd/Documents/projects/npm/npm/man/man3/npm-commands.3',
39 silly install resolved        '/Users/ogd/Documents/projects/npm/npm/man/man3/npm-config.3',
39 silly install resolved        '/Users/ogd/Documents/projects/npm/npm/man/man3/npm-deprecate.3',
39 silly install resolved        '/Users/ogd/Documents/projects/npm/npm/man/man3/npm-docs.3',
39 silly install resolved        '/Users/ogd/Documents/projects/npm/npm/man/man3/npm-edit.3',
39 silly install resolved        '/Users/ogd/Documents/projects/npm/npm/man/man3/npm-explore.3',
39 silly install resolved        '/Users/ogd/Documents/projects/npm/npm/man/man3/npm-help-search.3',
39 silly install resolved        '/Users/ogd/Documents/projects/npm/npm/man/man3/npm-init.3',
39 silly install resolved        '/Users/ogd/Documents/projects/npm/npm/man/man3/npm-install.3',
39 silly install resolved        '/Users/ogd/Documents/projects/npm/npm/man/man3/npm-link.3',
39 silly install resolved        '/Users/ogd/Documents/projects/npm/npm/man/man3/npm-load.3',
39 silly install resolved        '/Users/ogd/Documents/projects/npm/npm/man/man3/npm-ls.3',
39 silly install resolved        '/Users/ogd/Documents/projects/npm/npm/man/man3/npm-outdated.3',
39 silly install resolved        '/Users/ogd/Documents/projects/npm/npm/man/man3/npm-owner.3',
39 silly install resolved        '/Users/ogd/Documents/projects/npm/npm/man/man3/npm-pack.3',
39 silly install resolved        '/Users/ogd/Documents/projects/npm/npm/man/man3/npm-prefix.3',
39 silly install resolved        '/Users/ogd/Documents/projects/npm/npm/man/man3/npm-prune.3',
39 silly install resolved        '/Users/ogd/Documents/projects/npm/npm/man/man3/npm-publish.3',
39 silly install resolved        '/Users/ogd/Documents/projects/npm/npm/man/man3/npm-rebuild.3',
39 silly install resolved        '/Users/ogd/Documents/projects/npm/npm/man/man3/npm-repo.3',
39 silly install resolved        '/Users/ogd/Documents/projects/npm/npm/man/man3/npm-restart.3',
39 silly install resolved        '/Users/ogd/Documents/projects/npm/npm/man/man3/npm-root.3',
39 silly install resolved        '/Users/ogd/Documents/projects/npm/npm/man/man3/npm-run-script.3',
39 silly install resolved        '/Users/ogd/Documents/projects/npm/npm/man/man3/npm-search.3',
39 silly install resolved        '/Users/ogd/Documents/projects/npm/npm/man/man3/npm-shrinkwrap.3',
39 silly install resolved        '/Users/ogd/Documents/projects/npm/npm/man/man3/npm-start.3',
39 silly install resolved        '/Users/ogd/Documents/projects/npm/npm/man/man3/npm-stop.3',
39 silly install resolved        '/Users/ogd/Documents/projects/npm/npm/man/man3/npm-submodule.3',
39 silly install resolved        '/Users/ogd/Documents/projects/npm/npm/man/man3/npm-tag.3',
39 silly install resolved        '/Users/ogd/Documents/projects/npm/npm/man/man3/npm-test.3',
39 silly install resolved        '/Users/ogd/Documents/projects/npm/npm/man/man3/npm-uninstall.3',
39 silly install resolved        '/Users/ogd/Documents/projects/npm/npm/man/man3/npm-unpublish.3',
39 silly install resolved        '/Users/ogd/Documents/projects/npm/npm/man/man3/npm-update.3',
39 silly install resolved        '/Users/ogd/Documents/projects/npm/npm/man/man3/npm-version.3',
39 silly install resolved        '/Users/ogd/Documents/projects/npm/npm/man/man3/npm-view.3',
39 silly install resolved        '/Users/ogd/Documents/projects/npm/npm/man/man3/npm-whoami.3',
39 silly install resolved        '/Users/ogd/Documents/projects/npm/npm/man/man3/npm.3',
39 silly install resolved        '/Users/ogd/Documents/projects/npm/npm/man/man5/npm-folders.5',
39 silly install resolved        '/Users/ogd/Documents/projects/npm/npm/man/man5/npm-global.5',
39 silly install resolved        '/Users/ogd/Documents/projects/npm/npm/man/man5/npm-json.5',
39 silly install resolved        '/Users/ogd/Documents/projects/npm/npm/man/man5/npmrc.5',
39 silly install resolved        '/Users/ogd/Documents/projects/npm/npm/man/man5/package.json.5',
39 silly install resolved        '/Users/ogd/Documents/projects/npm/npm/man/man7/npm-coding-style.7',
39 silly install resolved        '/Users/ogd/Documents/projects/npm/npm/man/man7/npm-config.7',
39 silly install resolved        '/Users/ogd/Documents/projects/npm/npm/man/man7/npm-developers.7',
39 silly install resolved        '/Users/ogd/Documents/projects/npm/npm/man/man7/npm-disputes.7',
39 silly install resolved        '/Users/ogd/Documents/projects/npm/npm/man/man7/npm-faq.7',
39 silly install resolved        '/Users/ogd/Documents/projects/npm/npm/man/man7/npm-index.7',
39 silly install resolved        '/Users/ogd/Documents/projects/npm/npm/man/man7/npm-registry.7',
39 silly install resolved        '/Users/ogd/Documents/projects/npm/npm/man/man7/npm-scope.7',
39 silly install resolved        '/Users/ogd/Documents/projects/npm/npm/man/man7/npm-scripts.7',
39 silly install resolved        '/Users/ogd/Documents/projects/npm/npm/man/man7/removing-npm.7',
39 silly install resolved        '/Users/ogd/Documents/projects/npm/npm/man/man7/semver.7' ],
39 silly install resolved     contributors:
39 silly install resolved      [ [Object],
39 silly install resolved        [Object],
39 silly install resolved        [Object],
39 silly install resolved        [Object],
39 silly install resolved        [Object],
39 silly install resolved        [Object],
39 silly install resolved        [Object],
39 silly install resolved        [Object],
39 silly install resolved        [Object],
39 silly install resolved        [Object],
39 silly install resolved        [Object],
39 silly install resolved        [Object],
39 silly install resolved        [Object],
39 silly install resolved        [Object],
39 silly install resolved        [Object],
39 silly install resolved        [Object],
39 silly install resolved        [Object],
39 silly install resolved        [Object],
39 silly install resolved        [Object],
39 silly install resolved        [Object],
39 silly install resolved        [Object],
39 silly install resolved        [Object],
39 silly install resolved        [Object],
39 silly install resolved        [Object],
39 silly install resolved        [Object],
39 silly install resolved        [Object],
39 silly install resolved        [Object],
39 silly install resolved        [Object],
39 silly install resolved        [Object],
39 silly install resolved        [Object],
39 silly install resolved        [Object],
39 silly install resolved        [Object],
39 silly install resolved        [Object],
39 silly install resolved        [Object],
39 silly install resolved        [Object],
39 silly install resolved        [Object],
39 silly install resolved        [Object],
39 silly install resolved        [Object],
39 silly install resolved        [Object],
39 silly install resolved        [Object],
39 silly install resolved        [Object],
39 silly install resolved        [Object],
39 silly install resolved        [Object],
39 silly install resolved        [Object],
39 silly install resolved        [Object],
39 silly install resolved        [Object],
39 silly install resolved        [Object],
39 silly install resolved        [Object],
39 silly install resolved        [Object],
39 silly install resolved        [Object],
39 silly install resolved        [Object],
39 silly install resolved        [Object],
39 silly install resolved        [Object],
39 silly install resolved        [Object],
39 silly install resolved        [Object],
39 silly install resolved        [Object],
39 silly install resolved        [Object],
39 silly install resolved        [Object],
39 silly install resolved        [Object],
39 silly install resolved        [Object],
39 silly install resolved        [Object],
39 silly install resolved        [Object],
39 silly install resolved        [Object],
39 silly install resolved        [Object],
39 silly install resolved        [Object],
39 silly install resolved        [Object],
39 silly install resolved        [Object],
39 silly install resolved        [Object],
39 silly install resolved        [Object],
39 silly install resolved        [Object],
39 silly install resolved        [Object],
39 silly install resolved        [Object],
39 silly install resolved        [Object],
39 silly install resolved        [Object],
39 silly install resolved        [Object],
39 silly install resolved        [Object],
39 silly install resolved        [Object],
39 silly install resolved        [Object],
39 silly install resolved        [Object],
39 silly install resolved        [Object],
39 silly install resolved        [Object],
39 silly install resolved        [Object],
39 silly install resolved        [Object],
39 silly install resolved        [Object],
39 silly install resolved        [Object],
39 silly install resolved        [Object],
39 silly install resolved        [Object],
39 silly install resolved        [Object],
39 silly install resolved        [Object],
39 silly install resolved        [Object],
39 silly install resolved        [Object],
39 silly install resolved        [Object],
39 silly install resolved        [Object],
39 silly install resolved        [Object],
39 silly install resolved        [Object],
39 silly install resolved        [Object],
39 silly install resolved        [Object],
39 silly install resolved        [Object],
39 silly install resolved        [Object],
39 silly install resolved        [Object],
39 silly install resolved        [Object],
39 silly install resolved        [Object],
39 silly install resolved        [Object],
39 silly install resolved        [Object],
39 silly install resolved        [Object],
39 silly install resolved        [Object],
39 silly install resolved        [Object],
39 silly install resolved        [Object],
39 silly install resolved        [Object],
39 silly install resolved        [Object],
39 silly install resolved        [Object],
39 silly install resolved        [Object],
39 silly install resolved        [Object],
39 silly install resolved        [Object],
39 silly install resolved        [Object],
39 silly install resolved        [Object],
39 silly install resolved        [Object],
39 silly install resolved        [Object],
39 silly install resolved        [Object],
39 silly install resolved        [Object],
39 silly install resolved        [Object],
39 silly install resolved        [Object],
39 silly install resolved        [Object],
39 silly install resolved        [Object],
39 silly install resolved        [Object],
39 silly install resolved        [Object],
39 silly install resolved        [Object],
39 silly install resolved        [Object],
39 silly install resolved        [Object],
39 silly install resolved        [Object],
39 silly install resolved        [Object],
39 silly install resolved        [Object],
39 silly install resolved        [Object],
39 silly install resolved        [Object],
39 silly install resolved        [Object],
39 silly install resolved        [Object],
39 silly install resolved        [Object],
39 silly install resolved        [Object],
39 silly install resolved        [Object],
39 silly install resolved        [Object],
39 silly install resolved        [Object],
39 silly install resolved        [Object],
39 silly install resolved        [Object],
39 silly install resolved        [Object],
39 silly install resolved        [Object],
39 silly install resolved        [Object],
39 silly install resolved        [Object],
39 silly install resolved        [Object],
39 silly install resolved        [Object],
39 silly install resolved        [Object],
39 silly install resolved        [Object],
39 silly install resolved        [Object],
39 silly install resolved        [Object],
39 silly install resolved        [Object],
39 silly install resolved        [Object],
39 silly install resolved        [Object],
39 silly install resolved        [Object] ],
39 silly install resolved     gitHead: '7b7b55eebc5e63edbded1590a3df4c08c6525245',
39 silly install resolved     _id: 'npm@2.1.5',
39 silly install resolved     _shasum: 'ce343163a56f1ff14ffa295c140d99833b9764cb',
39 silly install resolved     _from: 'npm@*',
39 silly install resolved     _npmVersion: '2.1.5',
39 silly install resolved     _nodeVersion: '0.10.32',
39 silly install resolved     _npmUser: { name: 'othiym23', email: 'ogd@aoaioxxysz.net' },
39 silly install resolved     maintainers: [ [Object], [Object] ],
39 silly install resolved     dist:
39 silly install resolved      { shasum: 'ce343163a56f1ff14ffa295c140d99833b9764cb',
39 silly install resolved        tarball: 'http://registry.npmjs.org/npm/-/npm-2.1.5.tgz' },
39 silly install resolved     _resolved: 'https://registry.npmjs.org/npm/-/npm-2.1.5.tgz' } ]
40 info install npm@2.1.5 into /Users/felixshu/OneDrive/GitHub/FelixGrayson/Chat Application
41 info installOne npm@2.1.5
42 verbose locking npm with /Users/felixshu/.npm/_locks/npm-1595a51d2c0ecc5b.lock
43 warn locking Error: EACCES, open '/Users/felixshu/.npm/_locks/npm-1595a51d2c0ecc5b.lock'
43 warn locking  failed { [Error: EACCES, open '/Users/felixshu/.npm/_locks/npm-1595a51d2c0ecc5b.lock']
43 warn locking   errno: 3,
43 warn locking   code: 'EACCES',
43 warn locking   path: '/Users/felixshu/.npm/_locks/npm-1595a51d2c0ecc5b.lock' }
44 verbose stack Error: Attempt to unlock npm, which hasn't been locked
44 verbose stack     at unlock (/usr/local/lib/node_modules/npm/lib/utils/locker.js:54:11)
44 verbose stack     at cb (/usr/local/lib/node_modules/npm/lib/install.js:908:5)
44 verbose stack     at /usr/local/lib/node_modules/npm/lib/install.js:912:20
44 verbose stack     at /usr/local/lib/node_modules/npm/lib/utils/locker.js:36:9
44 verbose stack     at cb (/usr/local/lib/node_modules/npm/node_modules/lockfile/lockfile.js:149:38)
44 verbose stack     at /usr/local/lib/node_modules/npm/node_modules/lockfile/lockfile.js:177:38
44 verbose stack     at Object.oncomplete (fs.js:107:15)
45 verbose cwd /Users/felixshu/OneDrive/GitHub/FelixGrayson/Chat Application
46 error Darwin 14.0.0
47 error argv "/usr/local/bin/node" "/usr/local/bin/npm" "install" "npm"
48 error node v0.10.32
49 error npm  v2.1.2
50 error Attempt to unlock npm, which hasn't been locked
51 error If you need help, you may report this error at:
51 error     <http://github.com/npm/npm/issues>
52 verbose exit [ 1, true ]
